[0.071s] Invoking command in '/home/main/main_ws/build/main_motor': CMAKE_PREFIX_PATH=${CMAKE_PREFIX_PATH}:/opt/ros/humble PYTHONPATH=/home/main/main_ws/install/lib/python3.10/site-packages:/home/main/main_ws/install/local/lib/python3.10/dist-packages:/opt/ros/humble/lib/python3.10/site-packages:/opt/ros/humble/local/lib/python3.10/dist-packages /usr/bin/cmake --build /home/main/main_ws/build/main_motor -- -j16 -l16
[0.106s] [35m[1mConsolidate compiler generated dependencies of target test_node[0m
[0.118s] [ 66%] Built target main_run_node
[0.118s] [ 66%] Built target send_arduino_node
[0.120s] [ 83%] [32mBuilding CXX object CMakeFiles/test_node.dir/src/test.cpp.o[0m
[1.460s] [01m[K/home/main/main_ws/src/main_motor/src/test.cpp:54:24:[m[K [01;31m[Kerror: [m[Kinvalid conversion from â€˜[01m[Kconst char*[m[Kâ€™ to â€˜[01m[Kchar[m[Kâ€™ [[01;31m[K]8;;https://gcc.gnu.org/onlinedocs/gcc/Warning-Options.html#index-fpermissive-fpermissive]8;;[m[K]
[1.460s]    54 |     char serial_step = [01;31m[K"0\n"[m[K;
[1.460s]       |                        [01;31m[K^~~~~[m[K
[1.460s]       |                        [01;31m[K|[m[K
[1.461s]       |                        [01;31m[Kconst char*[m[K
[1.468s] [01m[K/home/main/main_ws/src/main_motor/src/test.cpp:[m[K In member function â€˜[01m[Kvoid TestNode::timerCallback()[m[Kâ€™:
[1.468s] [01m[K/home/main/main_ws/src/main_motor/src/test.cpp:68:27:[m[K [01;31m[Kerror: [m[Kinvalid conversion from â€˜[01m[Kconst char*[m[Kâ€™ to â€˜[01m[Kchar[m[Kâ€™ [[01;31m[K]8;;https://gcc.gnu.org/onlinedocs/gcc/Warning-Options.html#index-fpermissive-fpermissive]8;;[m[K]
[1.468s]    68 |             serial_step = [01;31m[K"9\n"[m[K;
[1.468s]       |                           [01;31m[K^~~~~[m[K
[1.468s]       |                           [01;31m[K|[m[K
[1.468s]       |                           [01;31m[Kconst char*[m[K
[1.468s] [01m[K/home/main/main_ws/src/main_motor/src/test.cpp:76:33:[m[K [01;31m[Kerror: [m[Kinvalid conversion from â€˜[01m[Kchar[m[Kâ€™ to â€˜[01m[Kconst uint8_t*[m[Kâ€™ {aka â€˜[01m[Kconst unsigned char*[m[Kâ€™} [[01;31m[K]8;;https://gcc.gnu.org/onlinedocs/gcc/Warning-Options.html#index-fpermissive-fpermissive]8;;[m[K]
[1.468s]    76 |             serial_port_2.write([01;31m[Kserial_step[m[K,1);
[1.468s]       |                                 [01;31m[K^~~~~~~~~~~[m[K
[1.468s]       |                                 [01;31m[K|[m[K
[1.468s]       |                                 [01;31m[Kchar[m[K
[1.468s] In file included from [01m[K/home/main/main_ws/src/main_motor/src/test.cpp:2[m[K:
[1.469s] [01m[K/home/main/main_ws/install/include/serial/serial.h:372:25:[m[K [01;36m[Knote: [m[K  initializing argument 1 of â€˜[01m[Ksize_t serial::Serial::write(const uint8_t*, size_t)[m[Kâ€™
[1.469s]   372 |   write ([01;36m[Kconst uint8_t *data[m[K, size_t size);
[1.469s]       |          [01;36m[K~~~~~~~~~~~~~~~^~~~[m[K
[1.745s] gmake[2]: *** [CMakeFiles/test_node.dir/build.make:76: CMakeFiles/test_node.dir/src/test.cpp.o] Error 1
[1.745s] gmake[1]: *** [CMakeFiles/Makefile2:193: CMakeFiles/test_node.dir/all] Error 2
[1.745s] gmake: *** [Makefile:146: all] Error 2
[1.748s] Invoked command in '/home/main/main_ws/build/main_motor' returned '2': CMAKE_PREFIX_PATH=${CMAKE_PREFIX_PATH}:/opt/ros/humble PYTHONPATH=/home/main/main_ws/install/lib/python3.10/site-packages:/home/main/main_ws/install/local/lib/python3.10/dist-packages:/opt/ros/humble/lib/python3.10/site-packages:/opt/ros/humble/local/lib/python3.10/dist-packages /usr/bin/cmake --build /home/main/main_ws/build/main_motor -- -j16 -l16
