[35m[1mConsolidate compiler generated dependencies of target test_node[0m
[ 33%] [32mBuilding CXX object CMakeFiles/main_run_node.dir/src/main_run.cpp.o[0m
[ 50%] Built target send_arduino_node
[ 83%] Built target test_node
[01m[K/home/main/main_ws/src/main_motor/src/main_run.cpp:[m[K In member function â€˜[01m[Kvoid MainRunNode::webDataCallback(std_msgs::msg::Int64_<std::allocator<void> >::SharedPtr)[m[Kâ€™:
[01m[K/home/main/main_ws/src/main_motor/src/main_run.cpp:153:64:[m[K [01;35m[Kwarning: [m[Kunused parameter â€˜[01m[Kmsg[m[Kâ€™ [[01;35m[K]8;;https://gcc.gnu.org/onlinedocs/gcc/Warning-Options.html#index-Wunused-parameter-Wunused-parameter]8;;[m[K]
  153 |     void webDataCallback([01;35m[Kconst std_msgs::msg::Int64::SharedPtr msg[m[K)
      |                          [01;35m[K~~~~~~~~~~~~~~~~~~~~~~~~~~~~~~~~~~~~~~^~~[m[K
[01m[K/home/main/main_ws/src/main_motor/src/main_run.cpp:[m[K In member function â€˜[01m[Kvoid MainRunNode::timerCallback()[m[Kâ€™:
[01m[K/home/main/main_ws/src/main_motor/src/main_run.cpp:395:76:[m[K [01;31m[Kerror: [m[Kâ€˜[01m[Kserial_step1[m[Kâ€™ was not declared in this scope; did you mean â€˜[01m[Kserial_step[m[Kâ€™?
  395 |                     serial_port_1.write(reinterpret_cast<const uint8_t *>(&[01;31m[Kserial_step1[m[K), 1);
      |                                                                            [01;31m[K^~~~~~~~~~~~[m[K
      |                                                                            [32m[Kserial_step[m[K
[01m[K/home/main/main_ws/src/main_motor/src/main_run.cpp:396:76:[m[K [01;31m[Kerror: [m[Kâ€˜[01m[Kserial_step2[m[Kâ€™ was not declared in this scope; did you mean â€˜[01m[Kserial_step[m[Kâ€™?
  396 |                     serial_port_2.write(reinterpret_cast<const uint8_t *>(&[01;31m[Kserial_step2[m[K), 1);
      |                                                                            [01;31m[K^~~~~~~~~~~~[m[K
      |                                                                            [32m[Kserial_step[m[K
gmake[2]: *** [CMakeFiles/main_run_node.dir/build.make:76: CMakeFiles/main_run_node.dir/src/main_run.cpp.o] Error 1
gmake[1]: *** [CMakeFiles/Makefile2:167: CMakeFiles/main_run_node.dir/all] Error 2
gmake: *** [Makefile:146: all] Error 2
