[0.036s] Invoking command in '/home/main/main_ws/build/main_motor': CMAKE_PREFIX_PATH=${CMAKE_PREFIX_PATH}:/opt/ros/humble PYTHONPATH=/home/main/main_ws/install/lib/python3.10/site-packages:/home/main/main_ws/install/local/lib/python3.10/dist-packages:/opt/ros/humble/lib/python3.10/site-packages:/opt/ros/humble/local/lib/python3.10/dist-packages /usr/bin/cmake --build /home/main/main_ws/build/main_motor -- -j16 -l16
[0.074s] [35m[1mConsolidate compiler generated dependencies of target test_node[0m
[0.082s] [ 33%] [32mBuilding CXX object CMakeFiles/main_run_node.dir/src/main_run.cpp.o[0m
[0.083s] [ 50%] Built target send_arduino_node
[0.087s] [ 83%] Built target test_node
[1.561s] [01m[K/home/main/main_ws/src/main_motor/src/main_run.cpp:[m[K In member function â€˜[01m[Kvoid MainRunNode::webDataCallback(std_msgs::msg::Int64_<std::allocator<void> >::SharedPtr)[m[Kâ€™:
[1.562s] [01m[K/home/main/main_ws/src/main_motor/src/main_run.cpp:153:64:[m[K [01;35m[Kwarning: [m[Kunused parameter â€˜[01m[Kmsg[m[Kâ€™ [[01;35m[K]8;;https://gcc.gnu.org/onlinedocs/gcc/Warning-Options.html#index-Wunused-parameter-Wunused-parameter]8;;[m[K]
[1.562s]   153 |     void webDataCallback([01;35m[Kconst std_msgs::msg::Int64::SharedPtr msg[m[K)
[1.562s]       |                          [01;35m[K~~~~~~~~~~~~~~~~~~~~~~~~~~~~~~~~~~~~~~^~~[m[K
[1.573s] [01m[K/home/main/main_ws/src/main_motor/src/main_run.cpp:[m[K In member function â€˜[01m[Kvoid MainRunNode::timerCallback()[m[Kâ€™:
[1.573s] [01m[K/home/main/main_ws/src/main_motor/src/main_run.cpp:395:76:[m[K [01;31m[Kerror: [m[Kâ€˜[01m[Kserial_step1[m[Kâ€™ was not declared in this scope; did you mean â€˜[01m[Kserial_step[m[Kâ€™?
[1.573s]   395 |                     serial_port_1.write(reinterpret_cast<const uint8_t *>(&[01;31m[Kserial_step1[m[K), 1);
[1.573s]       |                                                                            [01;31m[K^~~~~~~~~~~~[m[K
[1.573s]       |                                                                            [32m[Kserial_step[m[K
[1.575s] [01m[K/home/main/main_ws/src/main_motor/src/main_run.cpp:396:76:[m[K [01;31m[Kerror: [m[Kâ€˜[01m[Kserial_step2[m[Kâ€™ was not declared in this scope; did you mean â€˜[01m[Kserial_step[m[Kâ€™?
[1.575s]   396 |                     serial_port_2.write(reinterpret_cast<const uint8_t *>(&[01;31m[Kserial_step2[m[K), 1);
[1.575s]       |                                                                            [01;31m[K^~~~~~~~~~~~[m[K
[1.575s]       |                                                                            [32m[Kserial_step[m[K
[4.702s] gmake[2]: *** [CMakeFiles/main_run_node.dir/build.make:76: CMakeFiles/main_run_node.dir/src/main_run.cpp.o] Error 1
[4.702s] gmake[1]: *** [CMakeFiles/Makefile2:167: CMakeFiles/main_run_node.dir/all] Error 2
[4.702s] gmake: *** [Makefile:146: all] Error 2
[4.704s] Invoked command in '/home/main/main_ws/build/main_motor' returned '2': CMAKE_PREFIX_PATH=${CMAKE_PREFIX_PATH}:/opt/ros/humble PYTHONPATH=/home/main/main_ws/install/lib/python3.10/site-packages:/home/main/main_ws/install/local/lib/python3.10/dist-packages:/opt/ros/humble/lib/python3.10/site-packages:/opt/ros/humble/local/lib/python3.10/dist-packages /usr/bin/cmake --build /home/main/main_ws/build/main_motor -- -j16 -l16
