[0.063s] Invoking command in '/home/main/main_ws/build/main_motor': CMAKE_PREFIX_PATH=${CMAKE_PREFIX_PATH}:/opt/ros/humble PYTHONPATH=/home/main/main_ws/install/lib/python3.10/site-packages:/home/main/main_ws/install/local/lib/python3.10/dist-packages:/opt/ros/humble/lib/python3.10/site-packages:/opt/ros/humble/local/lib/python3.10/dist-packages /usr/bin/cmake --build /home/main/main_ws/build/main_motor -- -j16 -l16
[0.100s] [35m[1mConsolidate compiler generated dependencies of target main_run_node[0m
[0.110s] [ 66%] Built target send_arduino_node
[0.110s] [ 66%] Built target test_node
[0.115s] [ 83%] [32mBuilding CXX object CMakeFiles/main_run_node.dir/src/main_run.cpp.o[0m
[1.587s] [01m[K/home/main/main_ws/src/main_motor/src/main_run.cpp:[m[K In member function â€˜[01m[Kvoid MainRunNode::webDataCallback(std_msgs::msg::Int64_<std::allocator<void> >::SharedPtr)[m[Kâ€™:
[1.587s] [01m[K/home/main/main_ws/src/main_motor/src/main_run.cpp:155:64:[m[K [01;35m[Kwarning: [m[Kunused parameter â€˜[01m[Kmsg[m[Kâ€™ [[01;35m[K]8;;https://gcc.gnu.org/onlinedocs/gcc/Warning-Options.html#index-Wunused-parameter-Wunused-parameter]8;;[m[K]
[1.587s]   155 |     void webDataCallback([01;35m[Kconst std_msgs::msg::Int64::SharedPtr msg[m[K)
[1.588s]       |                          [01;35m[K~~~~~~~~~~~~~~~~~~~~~~~~~~~~~~~~~~~~~~^~~[m[K
[1.597s] [01m[K/home/main/main_ws/src/main_motor/src/main_run.cpp:[m[K In member function â€˜[01m[Kvoid MainRunNode::timerCallback()[m[Kâ€™:
[1.597s] [01m[K/home/main/main_ws/src/main_motor/src/main_run.cpp:359:17:[m[K [01;31m[Kerror: [m[Kâ€˜[01m[Klinear_up_time[m[Kâ€™ was not declared in this scope
[1.597s]   359 |                 [01;31m[Klinear_up_time[m[K = true;
[1.597s]       |                 [01;31m[K^~~~~~~~~~~~~~[m[K
[1.601s] [01m[K/home/main/main_ws/src/main_motor/src/main_run.cpp:363:22:[m[K [01;31m[Kerror: [m[Kâ€˜[01m[Klinear_up_time[m[Kâ€™ was not declared in this scope
[1.601s]   363 |             else if ([01;31m[Klinear_up_time[m[K == true)
[1.601s]       |                      [01;31m[K^~~~~~~~~~~~~~[m[K
[4.712s] gmake[2]: *** [CMakeFiles/main_run_node.dir/build.make:76: CMakeFiles/main_run_node.dir/src/main_run.cpp.o] Error 1
[4.712s] gmake[1]: *** [CMakeFiles/Makefile2:167: CMakeFiles/main_run_node.dir/all] Error 2
[4.712s] gmake: *** [Makefile:146: all] Error 2
[4.715s] Invoked command in '/home/main/main_ws/build/main_motor' returned '2': CMAKE_PREFIX_PATH=${CMAKE_PREFIX_PATH}:/opt/ros/humble PYTHONPATH=/home/main/main_ws/install/lib/python3.10/site-packages:/home/main/main_ws/install/local/lib/python3.10/dist-packages:/opt/ros/humble/lib/python3.10/site-packages:/opt/ros/humble/local/lib/python3.10/dist-packages /usr/bin/cmake --build /home/main/main_ws/build/main_motor -- -j16 -l16
