[0.024s] Invoking command in '/home/main/main_ws/build/main_motor': AMENT_PREFIX_PATH=/home/main/main_ws/install:${AMENT_PREFIX_PATH} CMAKE_PREFIX_PATH=/home/main/main_ws/install:/opt/ros/humble LD_LIBRARY_PATH=/home/main/main_ws/install/lib:${LD_LIBRARY_PATH} PATH=/home/main/main_ws/install/bin:${PATH} PYTHONPATH=/home/main/main_ws/install/lib/python3.10/site-packages:${PYTHONPATH} /usr/bin/cmake --build /home/main/main_ws/build/main_motor -- -j16 -l16
[0.044s] -- Found ament_cmake: 1.3.11 (/opt/ros/humble/share/ament_cmake/cmake)
[0.145s] -- Found rclcpp: 16.0.12 (/opt/ros/humble/share/rclcpp/cmake)
[0.165s] -- Found rosidl_generator_c: 3.1.6 (/opt/ros/humble/share/rosidl_generator_c/cmake)
[0.166s] -- Found rosidl_adapter: 3.1.6 (/opt/ros/humble/share/rosidl_adapter/cmake)
[0.170s] -- Found rosidl_generator_cpp: 3.1.6 (/opt/ros/humble/share/rosidl_generator_cpp/cmake)
[0.175s] -- Using all available rosidl_typesupport_c: rosidl_typesupport_fastrtps_c;rosidl_typesupport_introspection_c
[0.182s] -- Using all available rosidl_typesupport_cpp: rosidl_typesupport_fastrtps_cpp;rosidl_typesupport_introspection_cpp
[0.200s] -- Found rmw_implementation_cmake: 6.1.2 (/opt/ros/humble/share/rmw_implementation_cmake/cmake)
[0.200s] -- Found rmw_fastrtps_cpp: 6.2.7 (/opt/ros/humble/share/rmw_fastrtps_cpp/cmake)
[0.269s] -- Using RMW implementation 'rmw_fastrtps_cpp' as default
[0.297s] -- Found geometry_msgs: 4.8.0 (/opt/ros/humble/share/geometry_msgs/cmake)
[0.304s] -- Found nav_msgs: 4.8.0 (/opt/ros/humble/share/nav_msgs/cmake)
[0.313s] -- Found serial: 1.2.1 (/home/main/main_ws/install/share/serial/cmake)
[0.314s] -- Found ament_lint_auto: 0.12.12 (/opt/ros/humble/share/ament_lint_auto/cmake)
[0.360s] -- Added test 'cppcheck' to perform static code analysis on C / C++ code
[0.360s] -- Configured cppcheck include dirs: 
[0.360s] -- Configured cppcheck exclude dirs and/or files: 
[0.360s] -- Added test 'lint_cmake' to check CMake code style
[0.361s] -- Added test 'uncrustify' to check C / C++ code style
[0.361s] -- Configured uncrustify additional arguments: 
[0.361s] -- Added test 'xmllint' to check XML markup files
[0.361s] -- Configuring done
[0.371s] -- Generating done
[0.374s] -- Build files have been written to: /home/main/main_ws/build/main_motor
[0.395s] [35m[1mConsolidate compiler generated dependencies of target main_run_node[0m
[0.395s] [35m[1mConsolidate compiler generated dependencies of target send_arduino_node[0m
[0.403s] [ 16%] [32mBuilding CXX object CMakeFiles/test_node.dir/src/test.cpp.o[0m
[0.409s] [ 33%] [32mBuilding CXX object CMakeFiles/main_run_node.dir/src/main_run.cpp.o[0m
[0.409s] [ 66%] Built target send_arduino_node
[1.956s] [01m[K/home/main/main_ws/src/main_motor/src/test.cpp:62:5:[m[K [01;31m[Kerror: [m[Kâ€˜[01m[Kstart_time[m[Kâ€™ does not name a type
[1.956s]    62 |     [01;31m[Kstart_time[m[K = this->now();
[1.956s]       |     [01;31m[K^~~~~~~~~~[m[K
[1.956s] [01m[K/home/main/main_ws/src/main_motor/src/test.cpp:78:2:[m[K [01;31m[Kerror: [m[Kexpected â€˜[01m[K;[m[Kâ€™ after class definition
[1.956s]    78 | }
[1.956s]       |  [01;31m[K^[m[K
[1.956s]       |  [32m[K;[m[K
[1.957s] [01m[K/home/main/main_ws/src/main_motor/src/test.cpp:[m[K In constructor â€˜[01m[KTestNode::TestNode()[m[Kâ€™:
[1.957s] [01m[K/home/main/main_ws/src/main_motor/src/test.cpp:7:34:[m[K [01;31m[Kerror: [m[Kâ€˜[01m[Krclcpp::Duration::Duration()[m[Kâ€™ is private within this context
[1.957s]     7 |     TestNode() : Node("test_node"[01;31m[K)[m[K
[1.957s]       |                                  [01;31m[K^[m[K
[1.957s] In file included from [01m[K/opt/ros/humble/include/rclcpp/rclcpp/qos.hpp:20[m[K,
[1.957s]                  from [01m[K/opt/ros/humble/include/rclcpp/rclcpp/node_interfaces/node_graph_interface.hpp:32[m[K,
[1.957s]                  from [01m[K/opt/ros/humble/include/rclcpp/rclcpp/client.hpp:42[m[K,
[1.957s]                  from [01m[K/opt/ros/humble/include/rclcpp/rclcpp/callback_group.hpp:24[m[K,
[1.957s]                  from [01m[K/opt/ros/humble/include/rclcpp/rclcpp/any_executable.hpp:20[m[K,
[1.957s]                  from [01m[K/opt/ros/humble/include/rclcpp/rclcpp/memory_strategy.hpp:25[m[K,
[1.957s]                  from [01m[K/opt/ros/humble/include/rclcpp/rclcpp/memory_strategies.hpp:18[m[K,
[1.957s]                  from [01m[K/opt/ros/humble/include/rclcpp/rclcpp/executor_options.hpp:20[m[K,
[1.957s]                  from [01m[K/opt/ros/humble/include/rclcpp/rclcpp/executor.hpp:37[m[K,
[1.957s]                  from [01m[K/opt/ros/humble/include/rclcpp/rclcpp/executors/multi_threaded_executor.hpp:25[m[K,
[1.957s]                  from [01m[K/opt/ros/humble/include/rclcpp/rclcpp/executors.hpp:21[m[K,
[1.957s]                  from [01m[K/opt/ros/humble/include/rclcpp/rclcpp/rclcpp.hpp:155[m[K,
[1.957s]                  from [01m[K/home/main/main_ws/src/main_motor/src/test.cpp:1[m[K:
[1.958s] [01m[K/opt/ros/humble/include/rclcpp/rclcpp/duration.hpp:151:3:[m[K [01;36m[Knote: [m[Kdeclared private here
[1.958s]   151 |   [01;36m[KDuration[m[K() = default;
[1.958s]       |   [01;36m[K^~~~~~~~[m[K
[1.958s] [01m[K/home/main/main_ws/src/main_motor/src/test.cpp:50:24:[m[K [01;31m[Kerror: [m[Kâ€˜[01m[KMainRunNode[m[Kâ€™ has not been declared
[1.958s]    50 |             std::bind(&[01;31m[KMainRunNode[m[K::timerCallback, this));
[1.958s]       |                        [01;31m[K^~~~~~~~~~~[m[K
[2.087s] [01m[K/home/main/main_ws/src/main_motor/src/main_run.cpp:[m[K In member function â€˜[01m[Kvoid MainRunNode::webDataCallback(std_msgs::msg::Int64_<std::allocator<void> >::SharedPtr)[m[Kâ€™:
[2.087s] [01m[K/home/main/main_ws/src/main_motor/src/main_run.cpp:146:64:[m[K [01;35m[Kwarning: [m[Kunused parameter â€˜[01m[Kmsg[m[Kâ€™ [[01;35m[K]8;;https://gcc.gnu.org/onlinedocs/gcc/Warning-Options.html#index-Wunused-parameter-Wunused-parameter]8;;[m[K]
[2.087s]   146 |     void webDataCallback([01;35m[Kconst std_msgs::msg::Int64::SharedPtr msg[m[K)
[2.087s]       |                          [01;35m[K~~~~~~~~~~~~~~~~~~~~~~~~~~~~~~~~~~~~~~^~~[m[K
[2.218s] gmake[2]: *** [CMakeFiles/test_node.dir/build.make:76: CMakeFiles/test_node.dir/src/test.cpp.o] Error 1
[2.218s] gmake[1]: *** [CMakeFiles/Makefile2:193: CMakeFiles/test_node.dir/all] Error 2
[2.218s] gmake[1]: *** Waiting for unfinished jobs....
[10.133s] [ 83%] [32m[1mLinking CXX executable main_run_node[0m
[10.687s] [ 83%] Built target main_run_node
[10.688s] gmake: *** [Makefile:146: all] Error 2
[10.690s] Invoked command in '/home/main/main_ws/build/main_motor' returned '2': AMENT_PREFIX_PATH=/home/main/main_ws/install:${AMENT_PREFIX_PATH} CMAKE_PREFIX_PATH=/home/main/main_ws/install:/opt/ros/humble LD_LIBRARY_PATH=/home/main/main_ws/install/lib:${LD_LIBRARY_PATH} PATH=/home/main/main_ws/install/bin:${PATH} PYTHONPATH=/home/main/main_ws/install/lib/python3.10/site-packages:${PYTHONPATH} /usr/bin/cmake --build /home/main/main_ws/build/main_motor -- -j16 -l16
