[01m[K/home/main/main_ws/src/main_motor/src/test.cpp:[m[K In member function â€˜[01m[Kvoid TestNode::timerCallback()[m[Kâ€™:
[01m[K/home/main/main_ws/src/main_motor/src/test.cpp:80:47:[m[K [01;31m[Kerror: [m[Kcannot convert â€˜[01m[Kstd::string[m[Kâ€™ {aka â€˜[01m[Kstd::__cxx11::basic_string<char>[m[Kâ€™} to â€˜[01m[Kchar[m[Kâ€™ in assignment
   80 |             received1 = [01;31m[Kserial_port_1.readline()[m[K;
      |                         [01;31m[K~~~~~~~~~~~~~~~~~~~~~~^~[m[K
      |                                               [01;31m[K|[m[K
      |                                               [01;31m[Kstd::string {aka std::__cxx11::basic_string<char>}[m[K
[01m[K/home/main/main_ws/src/main_motor/src/test.cpp:87:47:[m[K [01;31m[Kerror: [m[Kcannot convert â€˜[01m[Kstd::string[m[Kâ€™ {aka â€˜[01m[Kstd::__cxx11::basic_string<char>[m[Kâ€™} to â€˜[01m[Kchar[m[Kâ€™ in assignment
   87 |             received2 = [01;31m[Kserial_port_2.readline()[m[K;
      |                         [01;31m[K~~~~~~~~~~~~~~~~~~~~~~^~[m[K
      |                                               [01;31m[K|[m[K
      |                                               [01;31m[Kstd::string {aka std::__cxx11::basic_string<char>}[m[K
gmake[2]: *** [CMakeFiles/test_node.dir/build.make:76: CMakeFiles/test_node.dir/src/test.cpp.o] Error 1
gmake[1]: *** [CMakeFiles/Makefile2:193: CMakeFiles/test_node.dir/all] Error 2
gmake: *** [Makefile:146: all] Error 2
