[35m[1mConsolidate compiler generated dependencies of target test_node[0m
[ 16%] [32mBuilding CXX object CMakeFiles/main_run_node.dir/src/main_run.cpp.o[0m
[ 50%] Built target send_arduino_node
[ 83%] Built target test_node
[01m[K/home/main/main_ws/src/main_motor/src/main_run.cpp:[m[K In member function â€˜[01m[Kvoid MainRunNode::webDataCallback(std_msgs::msg::Int64_<std::allocator<void> >::SharedPtr)[m[Kâ€™:
[01m[K/home/main/main_ws/src/main_motor/src/main_run.cpp:146:64:[m[K [01;35m[Kwarning: [m[Kunused parameter â€˜[01m[Kmsg[m[Kâ€™ [[01;35m[K]8;;https://gcc.gnu.org/onlinedocs/gcc/Warning-Options.html#index-Wunused-parameter-Wunused-parameter]8;;[m[K]
  146 |     void webDataCallback([01;35m[Kconst std_msgs::msg::Int64::SharedPtr msg[m[K)
      |                          [01;35m[K~~~~~~~~~~~~~~~~~~~~~~~~~~~~~~~~~~~~~~^~~[m[K
[01m[K/home/main/main_ws/src/main_motor/src/main_run.cpp:[m[K In member function â€˜[01m[Kvoid MainRunNode::timerCallback()[m[Kâ€™:
[01m[K/home/main/main_ws/src/main_motor/src/main_run.cpp:323:13:[m[K [01;31m[Kerror: [m[Kâ€˜[01m[Know_time[m[Kâ€™ was not declared in this scope
  323 |             [01;31m[Know_time[m[K = this->now();
      |             [01;31m[K^~~~~~~~[m[K
[01m[K/home/main/main_ws/src/main_motor/src/main_run.cpp:324:13:[m[K [01;31m[Kerror: [m[Kâ€˜[01m[Kelapsed_time[m[Kâ€™ was not declared in this scope
  324 |             [01;31m[Kelapsed_time[m[K = now_time - start_time; // í˜„ì¬ ì‹œê°„ê³¼ ì‹œì‘ ì‹œê°„ì˜ ì°¨ì´ ê³„ì‚°
      |             [01;31m[K^~~~~~~~~~~~[m[K
[01m[K/home/main/main_ws/src/main_motor/src/main_run.cpp:324:39:[m[K [01;31m[Kerror: [m[Kâ€˜[01m[Kstart_time[m[Kâ€™ was not declared in this scope; did you mean â€˜[01m[Kstrptime[m[Kâ€™?
  324 |             elapsed_time = now_time - [01;31m[Kstart_time[m[K; // í˜„ì¬ ì‹œê°„ê³¼ ì‹œì‘ ì‹œê°„ì˜ ì°¨ì´ ê³„ì‚°
      |                                       [01;31m[K^~~~~~~~~~[m[K
      |                                       [32m[Kstrptime[m[K
[01m[K/home/main/main_ws/src/main_motor/src/main_run.cpp:391:21:[m[K [01;31m[Kerror: [m[Kâ€˜[01m[Krotate[m[Kâ€™ was not declared in this scope; did you mean â€˜[01m[Kstd::_V2::rotate[m[Kâ€™?
  391 |                     [01;31m[Krotate[m[K = true;
      |                     [01;31m[K^~~~~~[m[K
      |                     [32m[Kstd::_V2::rotate[m[K
In file included from [01m[K/usr/include/c++/11/algorithm:62[m[K,
                 from [01m[K/opt/ros/humble/include/rclcpp/rclcpp/executor.hpp:18[m[K,
                 from [01m[K/opt/ros/humble/include/rclcpp/rclcpp/executors/multi_threaded_executor.hpp:25[m[K,
                 from [01m[K/opt/ros/humble/include/rclcpp/rclcpp/executors.hpp:21[m[K,
                 from [01m[K/opt/ros/humble/include/rclcpp/rclcpp/rclcpp.hpp:155[m[K,
                 from [01m[K/home/main/main_ws/src/main_motor/src/main_run.cpp:1[m[K:
[01m[K/usr/include/c++/11/bits/stl_algo.h:1405:5:[m[K [01;36m[Knote: [m[Kâ€˜[01m[Kstd::_V2::rotate[m[Kâ€™ declared here
 1405 |     [01;36m[Krotate[m[K(_ForwardIterator __first, _ForwardIterator __middle,
      |     [01;36m[K^~~~~~[m[K
[01m[K/home/main/main_ws/src/main_motor/src/main_run.cpp:395:21:[m[K [01;31m[Kerror: [m[Kâ€˜[01m[Kflap[m[Kâ€™ was not declared in this scope
  395 |                     [01;31m[Kflap[m[K = 1; // í”Œë© í•˜ê°• ì™„ë£Œ
      |                     [01;31m[K^~~~[m[K
[01m[K/home/main/main_ws/src/main_motor/src/main_run.cpp:399:21:[m[K [01;31m[Kerror: [m[Kâ€˜[01m[Klinear[m[Kâ€™ was not declared in this scope; did you mean â€˜[01m[Klinkat[m[Kâ€™?
  399 |                     [01;31m[Klinear[m[K = 1;
      |                     [01;31m[K^~~~~~[m[K
      |                     [32m[Klinkat[m[K
[01m[K/home/main/main_ws/src/main_motor/src/main_run.cpp:403:21:[m[K [01;31m[Kerror: [m[Kâ€˜[01m[Kflap[m[Kâ€™ was not declared in this scope
  403 |                     [01;31m[Kflap[m[K = 2;
      |                     [01;31m[K^~~~[m[K
[01m[K/home/main/main_ws/src/main_motor/src/main_run.cpp:407:21:[m[K [01;31m[Kerror: [m[Kâ€˜[01m[Klinear[m[Kâ€™ was not declared in this scope; did you mean â€˜[01m[Klinkat[m[Kâ€™?
  407 |                     [01;31m[Klinear[m[K = 2;
      |                     [01;31m[K^~~~~~[m[K
      |                     [32m[Klinkat[m[K
[01m[K/home/main/main_ws/src/main_motor/src/main_run.cpp:410:21:[m[K [01;31m[Kerror: [m[Kâ€˜[01m[Kflap[m[Kâ€™ was not declared in this scope
  410 |                 if ([01;31m[Kflap[m[K == 0 && rotate == true){
      |                     [01;31m[K^~~~[m[K
[01m[K/home/main/main_ws/src/main_motor/src/main_run.cpp:410:34:[m[K [01;31m[Kerror: [m[Kâ€˜[01m[Krotate[m[Kâ€™ was not declared in this scope; did you mean â€˜[01m[Kstd::_V2::rotate[m[Kâ€™?
  410 |                 if (flap == 0 && [01;31m[Krotate[m[K == true){
      |                                  [01;31m[K^~~~~~[m[K
      |                                  [32m[Kstd::_V2::rotate[m[K
In file included from [01m[K/usr/include/c++/11/algorithm:62[m[K,
                 from [01m[K/opt/ros/humble/include/rclcpp/rclcpp/executor.hpp:18[m[K,
                 from [01m[K/opt/ros/humble/include/rclcpp/rclcpp/executors/multi_threaded_executor.hpp:25[m[K,
                 from [01m[K/opt/ros/humble/include/rclcpp/rclcpp/executors.hpp:21[m[K,
                 from [01m[K/opt/ros/humble/include/rclcpp/rclcpp/rclcpp.hpp:155[m[K,
                 from [01m[K/home/main/main_ws/src/main_motor/src/main_run.cpp:1[m[K:
[01m[K/usr/include/c++/11/bits/stl_algo.h:1405:5:[m[K [01;36m[Knote: [m[Kâ€˜[01m[Kstd::_V2::rotate[m[Kâ€™ declared here
 1405 |     [01;36m[Krotate[m[K(_ForwardIterator __first, _ForwardIterator __middle,
      |     [01;36m[K^~~~~~[m[K
[01m[K/home/main/main_ws/src/main_motor/src/main_run.cpp:415:25:[m[K [01;31m[Kerror: [m[Kâ€˜[01m[Klinear[m[Kâ€™ was not declared in this scope; did you mean â€˜[01m[Klinkat[m[Kâ€™?
  415 |                 else if([01;31m[Klinear[m[K == 1){
      |                         [01;31m[K^~~~~~[m[K
      |                         [32m[Klinkat[m[K
[01m[K/home/main/main_ws/src/main_motor/src/main_run.cpp:417:21:[m[K [01;31m[Kerror: [m[Kâ€˜[01m[Kstart_time[m[Kâ€™ was not declared in this scope; did you mean â€˜[01m[Kstrptime[m[Kâ€™?
  417 |                     [01;31m[Kstart_time[m[K = this->now(); // í˜„ì¬ ì‹œê°„ì„ ì‹œì‘ ì‹œê°„ìœ¼ë¡œ ì €ì¥
      |                     [01;31m[K^~~~~~~~~~[m[K
      |                     [32m[Kstrptime[m[K
gmake[2]: *** [CMakeFiles/main_run_node.dir/build.make:76: CMakeFiles/main_run_node.dir/src/main_run.cpp.o] Error 1
gmake[1]: *** [CMakeFiles/Makefile2:167: CMakeFiles/main_run_node.dir/all] Error 2
gmake: *** [Makefile:146: all] Error 2
